<?xml version="1.0" encoding="UTF-8"?>
<!-- Generated by org.testng.reporters.JUnitReportReporter -->
<testsuite hostname="DELL-PC" name="votw.votwLoginPage" tests="1" failures="0" timestamp="29 Jun 2017 16:20:28 GMT" time="0.011" errors="0">
  <testcase name="testMethod" time="0.011" classname="votw.votwLoginPage"/>
</testsuite> <!-- votw.votwLoginPage -->
