<?xml version="1.0" encoding="UTF-8"?>
<!-- Generated by org.testng.reporters.JUnitReportReporter -->
<testsuite skipped="0" hostname="DELL-PC" name="votw.votwLoginPage" tests="4" failures="0" timestamp="30 Jun 2017 17:37:52 GMT" time="0.002" errors="0">
  <testcase name="testMethod1" time="0.001" classname="votw.votwLoginPage"/>
  <testcase name="testMethod" time="0.001" classname="votw.votwLoginPage"/>
  <testcase name="testMethod2" time="0.000" classname="votw.votwLoginPage"/>
  <testcase name="testMethod3" time="0.000" classname="votw.votwLoginPage"/>
</testsuite> <!-- votw.votwLoginPage -->
