<?xml version="1.0" encoding="UTF-8"?>
<!-- Generated by org.testng.reporters.JUnitReportReporter -->
<testsuite skipped="0" hostname="DELL-PC" name="votw.votwLoginPage" tests="1" failures="0" timestamp="29 Jun 2017 16:26:33 GMT" time="0.002" errors="0">
  <testcase name="testMethod" time="0.002" classname="votw.votwLoginPage"/>
</testsuite> <!-- votw.votwLoginPage -->
